<?xml version="1.0" encoding="UTF-8"?>
<testsuite name="br.com.zup.edu.listaChave.ListaChaveControllerTest" tests="1" skipped="0" failures="0" errors="0" timestamp="2021-04-24T20:02:39" hostname="ZUP-5568" time="4.587">
  <properties/>
  <testcase name="deve listar todas as chaves pix existente$key_manager_rest()" classname="br.com.zup.edu.listaChave.ListaChaveControllerTest" time="4.587"/>
  <system-out><![CDATA[?[36m17:02:37.089?[0;39m ?[1;30m[Test worker]?[0;39m ?[34mINFO ?[0;39m ?[35mi.m.context.env.DefaultEnvironment?[0;39m - Established active environments: [test]
]]></system-out>
  <system-err><![CDATA[]]></system-err>
</testsuite>
